nohup: ignoring input
Connected
Connected
[0mGET / [32m200 [0m7.172 ms - 2088[0m
[0mGET /javascripts/meme.js [32m200 [0m1.986 ms - 2404[0m
[0mGET /stylesheets/style.css [36m304 [0m0.974 ms - -[0m
[0mGET /%7B%7Bmeme.url%7D%7D/ [33m404 [0m289.292 ms - 1914[0m
[0mGET /memes [36m304 [0m23.593 ms - -[0m
[0mPUT /memes/5bee47b566d7590ec383005a/upvote [32m200 [0m29.463 ms - 168[0m
[0mPUT /memes/5bee0f293514cb0587ff6039/downvote [32m200 [0m8.677 ms - 180[0m
[0mPUT /memes/5bee0f293514cb0587ff6039/downvote [32m200 [0m3.967 ms - 181[0m
[0mGET /stylesheets/style.css [36m304 [0m0.905 ms - -[0m
[0mGET / [36m304 [0m0.642 ms - -[0m
[0mGET /javascripts/meme.js [36m304 [0m0.864 ms - -[0m
[0mGET /stylesheets/style.css [36m304 [0m0.330 ms - -[0m
[0mGET /%7B%7Bmeme.url%7D%7D/ [33m404 [0m37.221 ms - 1914[0m
[0mGET /memes [32m200 [0m4.264 ms - 352[0m
[0mGET / [36m304 [0m0.332 ms - -[0m
[0mGET /javascripts/meme.js [36m304 [0m0.359 ms - -[0m
[0mGET /stylesheets/style.css [36m304 [0m0.216 ms - -[0m
[0mGET /%7B%7Bmeme.url%7D%7D/ [33m404 [0m50.767 ms - 1914[0m
[0mGET /memes [36m304 [0m5.360 ms - -[0m
[0mGET / [32m200 [0m1.774 ms - 2088[0m
[0mGET /javascripts/meme.js [32m200 [0m2.465 ms - 2404[0m
[0mGET /stylesheets/style.css [32m200 [0m0.435 ms - 1429[0m
[0mGET /%7B%7Bmeme.url%7D%7D/ [33m404 [0m23.401 ms - 1914[0m
[0mGET /memes [32m200 [0m2.823 ms - 352[0m
[0mGET /favicon.ico [33m404 [0m19.361 ms - 1914[0m
[0mGET / [32m200 [0m1.750 ms - 2088[0m
[0mGET /javascripts/meme.js [32m200 [0m0.553 ms - 2404[0m
[0mGET /stylesheets/style.css [32m200 [0m0.925 ms - 1429[0m
[0mGET /memes [32m200 [0m2.567 ms - 352[0m
[0mGET /%7B%7Bmeme.url%7D%7D/ [33m404 [0m7.826 ms - 1914[0m
[0mGET /favicon.ico [33m404 [0m10.062 ms - 1914[0m
[0mGET / [32m200 [0m0.471 ms - 2088[0m
[0mGET /javascripts/meme.js [32m200 [0m0.751 ms - 2404[0m
[0mGET /stylesheets/style.css [32m200 [0m0.436 ms - 1429[0m
[0mGET /%7B%7Bmeme.url%7D%7D/ [33m404 [0m12.003 ms - 1914[0m
[0mGET /memes [32m200 [0m1.927 ms - 352[0m
[0mGET /favicon.ico [33m404 [0m14.061 ms - 1914[0m
[0mGET / [32m200 [0m0.490 ms - 2088[0m
[0mGET /javascripts/meme.js [32m200 [0m0.544 ms - 2404[0m
[0mGET /stylesheets/style.css [32m200 [0m0.322 ms - 1429[0m
[0mGET /%7B%7Bmeme.url%7D%7D/ [33m404 [0m11.073 ms - 1914[0m
[0mGET /memes [32m200 [0m2.335 ms - 352[0m
[0mGET /favicon.ico [33m404 [0m5.876 ms - 1914[0m
[0mPOST /memes [32m200 [0m17.950 ms - 262[0m
in Delete
[0mDELETE /memes/5beefad799211c24ee841723 [32m200 [0m2.712 ms - 2[0m
[0mGET /memes [32m200 [0m3.440 ms - 352[0m
[0mPUT /memes/5bee0f293514cb0587ff6039/upvote [32m200 [0m5.696 ms - 180[0m
[0mPUT /memes/5bee0f293514cb0587ff6039/upvote [32m200 [0m3.320 ms - 180[0m
[0mPUT /memes/5bee0f293514cb0587ff6039/upvote [32m200 [0m3.157 ms - 180[0m
[0mPUT /memes/5bee47b566d7590ec383005a/upvote [32m200 [0m3.556 ms - 168[0m
[0mPUT /memes/5bee47b566d7590ec383005a/upvote [32m200 [0m3.306 ms - 168[0m
[0mPUT /memes/5bee47b566d7590ec383005a/upvote [32m200 [0m10.946 ms - 168[0m
[0mPUT /memes/5bee0f293514cb0587ff6039/upvote [32m200 [0m3.146 ms - 180[0m
[0mPUT /memes/5bee0f293514cb0587ff6039/upvote [32m200 [0m3.397 ms - 180[0m
[0mPUT /memes/5bee0f293514cb0587ff6039/upvote [32m200 [0m3.328 ms - 180[0m
[0mPUT /memes/5bee0f293514cb0587ff6039/upvote [32m200 [0m2.909 ms - 180[0m
[0mGET / [32m200 [0m0.532 ms - 2088[0m
[0mGET /javascripts/meme.js [32m200 [0m0.447 ms - 2404[0m
[0mGET /stylesheets/style.css [32m200 [0m0.432 ms - 1429[0m
[0mGET /%7B%7Bmeme.url%7D%7D/ [33m404 [0m4.949 ms - 1914[0m
[0mGET /memes [32m200 [0m7.490 ms - 351[0m
[0mGET /favicon.ico [33m404 [0m8.249 ms - 1914[0m
[0mPUT /memes/5bee0f293514cb0587ff6039/upvote [32m200 [0m2.739 ms - 180[0m
[0mGET / [32m200 [0m0.469 ms - 2088[0m
[0mGET /stylesheets/style.css [32m200 [0m0.641 ms - 1429[0m
[0mGET /javascripts/meme.js [36m304 [0m0.254 ms - -[0m
[0mGET /%7B%7Bmeme.url%7D%7D/ [33m404 [0m12.268 ms - 1914[0m
[0mGET /memes [32m200 [0m3.492 ms - 351[0m
[0mGET / [36m304 [0m0.330 ms - -[0m
[0mGET /javascripts/meme.js [36m304 [0m0.532 ms - -[0m
[0mGET /stylesheets/style.css [36m304 [0m0.658 ms - -[0m
[0mGET /%7B%7Bmeme.url%7D%7D/ [33m404 [0m8.269 ms - 1914[0m
[0mGET /memes [32m200 [0m1.930 ms - 351[0m
[0mPUT /memes/5bee47b566d7590ec383005a/downvote [32m200 [0m4.348 ms - 168[0m
[0mPUT /memes/5bee47b566d7590ec383005a/upvote [32m200 [0m2.848 ms - 168[0m
[0mPUT /memes/5bee47b566d7590ec383005a/upvote [32m200 [0m3.905 ms - 168[0m
[0mPUT /memes/5bee0f293514cb0587ff6039/upvote [32m200 [0m3.003 ms - 180[0m
[0mGET / [32m200 [0m0.553 ms - 2106[0m
[0mGET /javascripts/meme.js [36m304 [0m0.607 ms - -[0m
[0mGET /%7B%7Bmeme.url%7D%7D/ [33m404 [0m8.239 ms - 1914[0m
[0mGET /stylesheets/style.css [36m304 [0m8.455 ms - -[0m
[0mGET /memes [32m200 [0m1.841 ms - 351[0m
[0mGET / [32m200 [0m0.509 ms - 2106[0m
[0mGET /javascripts/meme.js [32m200 [0m0.491 ms - 2404[0m
[0mGET /stylesheets/style.css [32m200 [0m3.535 ms - 1429[0m
[0mGET /%7B%7Bmeme.url%7D%7D/ [33m404 [0m5.716 ms - 1914[0m
[0mGET /memes [32m200 [0m6.123 ms - 351[0m
[0mGET /favicon.ico [33m404 [0m4.036 ms - 1914[0m
[0mPUT /memes/5bee0f293514cb0587ff6039/upvote [32m200 [0m4.300 ms - 180[0m
[0mPUT /memes/5bee47b566d7590ec383005a/upvote [32m200 [0m2.698 ms - 168[0m
[0mGET / [32m200 [0m0.458 ms - 2106[0m
[0mGET /javascripts/meme.js [32m200 [0m0.473 ms - 2404[0m
[0mGET /stylesheets/style.css [32m200 [0m0.478 ms - 1429[0m
[0mGET /%7B%7Bmeme.url%7D%7D/ [33m404 [0m4.516 ms - 1914[0m
[0mGET /memes [32m200 [0m2.104 ms - 351[0m
[0mGET /favicon.ico [33m404 [0m11.098 ms - 1914[0m
[0mPUT /memes/5bee0f293514cb0587ff6039/upvote [32m200 [0m3.290 ms - 181[0m
[0mPUT /memes/5bee47b566d7590ec383005a/upvote [32m200 [0m3.584 ms - 168[0m
[0mPOST /memes [32m200 [0m2.540 ms - 230[0m
[0mGET / [36m304 [0m0.342 ms - -[0m
[0mGET /javascripts/meme.js [36m304 [0m1.570 ms - -[0m
[0mGET /stylesheets/style.css [36m304 [0m0.894 ms - -[0m
[0mGET /%7B%7Bmeme.url%7D%7D/ [33m404 [0m13.139 ms - 1914[0m
[0mGET /memes [32m200 [0m1.953 ms - 583[0m
in Delete
[0mDELETE /memes/5beefdfc99211c24ee841724 [32m200 [0m3.879 ms - 2[0m
[0mGET /memes [32m200 [0m6.260 ms - 352[0m
[0mGET / [36m304 [0m0.298 ms - -[0m
[0mGET /javascripts/meme.js [36m304 [0m0.326 ms - -[0m
[0mGET /stylesheets/style.css [36m304 [0m0.194 ms - -[0m
[0mGET /%7B%7Bmeme.url%7D%7D/ [33m404 [0m6.090 ms - 1914[0m
[0mGET /memes [32m200 [0m3.525 ms - 352[0m
[0mPOST /memes [32m200 [0m1.866 ms - 151[0m
[0mGET / [36m304 [0m0.299 ms - -[0m
[0mGET /javascripts/meme.js [36m304 [0m0.694 ms - -[0m
[0mGET /%7B%7Bmeme.url%7D%7D/ [33m404 [0m5.322 ms - 1914[0m
[0mGET /stylesheets/style.css [36m304 [0m5.394 ms - -[0m
[0mGET /memes [32m200 [0m1.905 ms - 504[0m
[0mGET / [36m304 [0m0.428 ms - -[0m
[0mGET /javascripts/meme.js [36m304 [0m0.341 ms - -[0m
[0mGET /stylesheets/style.css [36m304 [0m0.184 ms - -[0m
[0mGET /%7B%7Bmeme.url%7D%7D/ [33m404 [0m7.088 ms - 1914[0m
[0mGET /memes [36m304 [0m2.972 ms - -[0m
[0mGET /stylesheets/style.css [36m304 [0m0.316 ms - -[0m
[0mGET / [36m304 [0m0.306 ms - -[0m
[0mGET /javascripts/meme.js [36m304 [0m0.313 ms - -[0m
[0mGET /stylesheets/style.css [36m304 [0m0.173 ms - -[0m
[0mGET /%7B%7Bmeme.url%7D%7D/ [33m404 [0m4.360 ms - 1914[0m
[0mGET /memes [36m304 [0m1.879 ms - -[0m
in Delete
[0mDELETE /memes/5beefe3499211c24ee841725 [32m200 [0m2.244 ms - 2[0m
[0mGET /memes [32m200 [0m3.437 ms - 352[0m
[0mGET / [36m304 [0m0.330 ms - -[0m
[0mGET /javascripts/meme.js [36m304 [0m2.957 ms - -[0m
[0mGET /stylesheets/style.css [36m304 [0m0.463 ms - -[0m
[0mGET /%7B%7Bmeme.url%7D%7D/ [33m404 [0m4.257 ms - 1914[0m
[0mGET /memes [32m200 [0m1.765 ms - 352[0m
[0mPOST /memes [32m200 [0m3.880 ms - 11151[0m
in Delete
[0mDELETE /memes/5beeff9f99211c24ee841726 [32m200 [0m8.905 ms - 2[0m
[0mGET /memes [32m200 [0m1.659 ms - 352[0m
[0mPOST /memes [32m200 [0m1.816 ms - 171[0m
[0mGET /stylesheets/style.css [36m304 [0m0.338 ms - -[0m
[0mGET / [36m304 [0m0.356 ms - -[0m
[0mGET /javascripts/meme.js [36m304 [0m0.339 ms - -[0m
[0mGET /stylesheets/style.css [36m304 [0m0.192 ms - -[0m
[0mGET /%7B%7Bmeme.url%7D%7D/ [33m404 [0m7.073 ms - 1914[0m
[0mGET /memes [32m200 [0m2.601 ms - 524[0m
in Delete
[0mDELETE /memes/5beeffe199211c24ee841727 [32m200 [0m2.991 ms - 2[0m
[0mGET /memes [32m200 [0m11.932 ms - 352[0m
[0mPOST /memes [32m200 [0m3.804 ms - 158[0m
[0mGET / [36m304 [0m0.331 ms - -[0m
[0mGET /javascripts/meme.js [36m304 [0m0.330 ms - -[0m
[0mGET /stylesheets/style.css [36m304 [0m0.298 ms - -[0m
[0mGET /%7B%7Bmeme.url%7D%7D/ [33m404 [0m4.558 ms - 1914[0m
[0mGET /memes [32m200 [0m2.222 ms - 511[0m
[0mGET / [32m200 [0m0.488 ms - 2106[0m
[0mGET /javascripts/meme.js [32m200 [0m0.505 ms - 2404[0m
[0mGET /stylesheets/style.css [32m200 [0m0.505 ms - 1429[0m
[0mGET /%7B%7Bmeme.url%7D%7D/ [33m404 [0m4.388 ms - 1914[0m
[0mGET /memes [32m200 [0m1.900 ms - 511[0m
[0mGET /favicon.ico [33m404 [0m4.907 ms - 1914[0m
[0mPUT /memes/5bee47b566d7590ec383005a/upvote [32m200 [0m3.902 ms - 169[0m
[0mPUT /memes/5bee47b566d7590ec383005a/upvote [32m200 [0m2.685 ms - 169[0m
[0mPUT /memes/5bee0f293514cb0587ff6039/upvote [32m200 [0m2.514 ms - 181[0m
[0mPUT /memes/5bee47b566d7590ec383005a/upvote [32m200 [0m2.609 ms - 169[0m
in Delete
[0mDELETE /memes/5bef008499211c24ee841728 [32m200 [0m1.797 ms - 2[0m
[0mGET /memes [32m200 [0m1.249 ms - 353[0m
[0mGET / [36m304 [0m0.310 ms - -[0m
[0mGET /javascripts/meme.js [36m304 [0m0.940 ms - -[0m
[0mGET /stylesheets/style.css [36m304 [0m2.013 ms - -[0m
[0mGET /%7B%7Bmeme.url%7D%7D/ [33m404 [0m6.025 ms - 1914[0m
[0mGET /memes [32m200 [0m3.985 ms - 353[0m
[0mGET / [36m304 [0m0.339 ms - -[0m
[0mGET /stylesheets/style.css [36m304 [0m0.440 ms - -[0m
[0mGET /javascripts/meme.js [32m200 [0m1.455 ms - 2518[0m
[0mGET /%7B%7Bmeme.url%7D%7D/ [33m404 [0m4.123 ms - 1914[0m
[0mGET /memes [36m304 [0m1.854 ms - -[0m
[0mPOST /memes [32m200 [0m2.042 ms - 159[0m
[0mGET / [36m304 [0m0.318 ms - -[0m
[0mGET /javascripts/meme.js [32m200 [0m0.505 ms - 2518[0m
[0mGET /stylesheets/style.css [36m304 [0m0.206 ms - -[0m
[0mGET /%7B%7Bmeme.url%7D%7D/ [33m404 [0m5.541 ms - 1914[0m
[0mGET /memes [32m200 [0m2.942 ms - 513[0m
[0mGET / [32m200 [0m1.221 ms - 2138[0m
[0mGET /javascripts/meme.js [32m200 [0m0.515 ms - 2404[0m
[0mGET /%7B%7Bmeme.url.substring(0, [33m404 [0m4.201 ms - 1914[0m
[0mGET /stylesheets/style.css [36m304 [0m4.416 ms - -[0m
[0mGET /memes [36m304 [0m1.958 ms - -[0m
[0mGET /%7B%7Bmeme.url.substring(0, [33m404 [0m4.319 ms - 1914[0m
[0mGET / [32m200 [0m0.489 ms - 2139[0m
[0mGET /javascripts/meme.js [36m304 [0m0.329 ms - -[0m
[0mGET /stylesheets/style.css [36m304 [0m0.192 ms - -[0m
[0mGET /%7B%7Bmeme.url.substring(0, [33m404 [0m6.158 ms - 1914[0m
[0mGET /memes [36m304 [0m1.976 ms - -[0m
[0mGET /%7B%7Bmeme.url.substring(0, [33m404 [0m4.380 ms - 1914[0m
[0mGET / [32m200 [0m0.543 ms - 2142[0m
[0mGET /javascripts/meme.js [36m304 [0m0.318 ms - -[0m
[0mGET /stylesheets/style.css [36m304 [0m0.188 ms - -[0m
[0mGET /memes [36m304 [0m4.934 ms - -[0m
[0mGET /%7B%7Bmeme.url.substring(0, [33m404 [0m4.795 ms - 1914[0m
[0mGET / [32m200 [0m0.458 ms - 2143[0m
[0mGET /stylesheets/style.css [36m304 [0m0.326 ms - -[0m
[0mGET /javascripts/meme.js [36m304 [0m0.278 ms - -[0m
[0mGET /memes [36m304 [0m1.921 ms - -[0m
[0mGET /%7B%7Bmeme.url.substring(0, [33m404 [0m5.317 ms - 1914[0m
[0mGET / [32m200 [0m0.486 ms - 2123[0m
[0mGET /javascripts/meme.js [36m304 [0m0.290 ms - -[0m
[0mGET /stylesheets/style.css [36m304 [0m0.185 ms - -[0m
[0mGET /memes [36m304 [0m1.973 ms - -[0m
[0mGET /%7B%7Bmeme.url.slice(0, [33m404 [0m7.809 ms - 1914[0m
[0mGET / [32m200 [0m0.510 ms - 2106[0m
[0mGET /javascripts/meme.js [36m304 [0m0.800 ms - -[0m
[0mGET /stylesheets/style.css [36m304 [0m0.656 ms - -[0m
[0mGET /%7B%7Bmeme.url%7D%7D/ [33m404 [0m5.879 ms - 1914[0m
[0mGET /memes [36m304 [0m2.951 ms - -[0m
[0mGET / [36m304 [0m0.273 ms - -[0m
[0mGET /javascripts/meme.js [32m200 [0m0.523 ms - 2555[0m
[0mGET /%7B%7Bmeme.url%7D%7D/ [33m404 [0m5.009 ms - 1914[0m
[0mGET /stylesheets/style.css [36m304 [0m5.227 ms - -[0m
[0mGET /memes [36m304 [0m2.453 ms - -[0m
[0mGET / [36m304 [0m0.341 ms - -[0m
[0mGET /javascripts/meme.js [36m304 [0m0.323 ms - -[0m
[0mGET /stylesheets/style.css [36m304 [0m0.172 ms - -[0m
[0mGET /%7B%7Bmeme.url%7D%7D/ [33m404 [0m4.367 ms - 1914[0m
[0mGET /memes [36m304 [0m3.483 ms - -[0m
[0mGET / [36m304 [0m0.289 ms - -[0m
[0mGET /javascripts/meme.js [36m304 [0m0.291 ms - -[0m
[0mGET /stylesheets/style.css [36m304 [0m0.541 ms - -[0m
[0mGET /%7B%7Bmeme.url%7D%7D/ [33m404 [0m5.869 ms - 1914[0m
[0mGET /memes [36m304 [0m2.334 ms - -[0m
[0mGET / [36m304 [0m0.278 ms - -[0m
[0mGET /javascripts/meme.js [36m304 [0m0.291 ms - -[0m
[0mGET /stylesheets/style.css [36m304 [0m0.180 ms - -[0m
[0mGET /%7B%7Bmeme.url%7D%7D/ [33m404 [0m4.620 ms - 1914[0m
[0mGET /memes [36m304 [0m3.379 ms - -[0m
[0mGET / [36m304 [0m0.287 ms - -[0m
[0mGET /javascripts/meme.js [32m200 [0m0.966 ms - 2595[0m
[0mGET /stylesheets/style.css [36m304 [0m0.185 ms - -[0m
[0mGET /%7B%7Bmeme.url%7D%7D/ [33m404 [0m4.059 ms - 1914[0m
[0mGET /memes [36m304 [0m2.236 ms - -[0m
[0mGET / [36m304 [0m0.290 ms - -[0m
[0mGET /javascripts/meme.js [32m200 [0m0.496 ms - 2643[0m
[0mGET /stylesheets/style.css [36m304 [0m0.613 ms - -[0m
[0mGET /%7B%7Bmeme.url%7D%7D/ [33m404 [0m3.612 ms - 1914[0m
[0mGET /memes [36m304 [0m2.726 ms - -[0m
[0mGET / [36m304 [0m0.304 ms - -[0m
[0mGET /javascripts/meme.js [32m200 [0m0.499 ms - 2644[0m
[0mGET /stylesheets/style.css [36m304 [0m0.874 ms - -[0m
[0mGET /%7B%7Bmeme.url%7D%7D/ [33m404 [0m3.608 ms - 1914[0m
[0mGET /memes [36m304 [0m2.200 ms - -[0m
[0mGET / [32m200 [0m0.507 ms - 2135[0m
[0mGET /javascripts/meme.js [36m304 [0m0.273 ms - -[0m
[0mGET /%7B%7Bmeme.url.substr(0, [33m404 [0m8.442 ms - 1914[0m
[0mGET /stylesheets/style.css [36m304 [0m8.537 ms - -[0m
[0mGET /memes [36m304 [0m2.517 ms - -[0m
[0mGET /%7B%7Bmeme.url.substr(0, [33m404 [0m7.518 ms - 1914[0m
[0mGET / [32m200 [0m0.501 ms - 2138[0m
[0mGET /javascripts/meme.js [36m304 [0m1.087 ms - -[0m
[0mGET /stylesheets/style.css [36m304 [0m0.665 ms - -[0m
[0mGET /memes [36m304 [0m1.793 ms - -[0m
[0mGET /%7B%7Bmeme.url.substr(0, [33m404 [0m3.738 ms - 1914[0m
[0mGET / [32m200 [0m0.457 ms - 2138[0m
[0mGET /stylesheets/style.css [36m304 [0m0.290 ms - -[0m
[0mGET /javascripts/meme.js [36m304 [0m0.496 ms - -[0m
[0mGET /%7B%7B [33m404 [0m4.732 ms - 1914[0m
[0mGET /memes [36m304 [0m1.902 ms - -[0m
[0mGET /%7B%7B [33m404 [0m3.825 ms - 1914[0m
[0mGET / [32m200 [0m2.098 ms - 2132[0m
[0mGET /javascripts/meme.js [36m304 [0m0.827 ms - -[0m
[0mGET /stylesheets/style.css [36m304 [0m1.292 ms - -[0m
[0mGET /%7B%7Bmeme.url%7ClimitTo:meme.url.length-1%7D%7D/ [33m404 [0m5.369 ms - 1914[0m
[0mGET /memes [36m304 [0m3.452 ms - -[0m
[0mGET / [36m304 [0m0.329 ms - -[0m
[0mGET /javascripts/meme.js [36m304 [0m0.411 ms - -[0m
[0mGET /stylesheets/style.css [36m304 [0m2.358 ms - -[0m
[0mGET /%7B%7Bmeme.url%7ClimitTo:meme.url.length-1%7D%7D/ [33m404 [0m8.448 ms - 1914[0m
[0mGET /memes [36m304 [0m2.750 ms - -[0m
[0mGET / [32m200 [0m1.227 ms - 2105[0m
[0mGET /javascripts/meme.js [36m304 [0m0.856 ms - -[0m
[0mGET /stylesheets/style.css [36m304 [0m1.046 ms - -[0m
[0mGET /%7B%7Bmeme.url%7D%7D [33m404 [0m38.529 ms - 1914[0m
[0mGET /memes [36m304 [0m6.572 ms - -[0m
[0mPOST /memes [32m200 [0m3.093 ms - 128[0m
[0mPUT /memes/5bef06aa99211c24ee84172a/upvote [32m200 [0m3.793 ms - 128[0m
[0mPUT /memes/5bef06aa99211c24ee84172a/upvote [32m200 [0m3.769 ms - 128[0m
[0mPUT /memes/5bef06aa99211c24ee84172a/upvote [32m200 [0m3.036 ms - 128[0m
[0mPUT /memes/5bef06aa99211c24ee84172a/upvote [32m200 [0m2.561 ms - 128[0m
[0mPUT /memes/5bef01bc99211c24ee841729/upvote [32m200 [0m2.552 ms - 159[0m
[0mGET / [32m200 [0m0.672 ms - 2105[0m
[0mGET /javascripts/meme.js [32m200 [0m0.510 ms - 2404[0m
[0mGET /stylesheets/style.css [36m304 [0m0.522 ms - -[0m
[0mGET /%7B%7Bmeme.url%7D%7D [33m404 [0m28.419 ms - 1914[0m
[0mGET /memes [32m200 [0m2.070 ms - 642[0m
